# JRE version: Java(TM) SE Runtime Environment (8.0_65-b17) (build 1.8.0_65-b17)
# Java VM: Java HotSpot(TM) 64-Bit Server VM (25.65-b01 mixed mode windows-amd64 compressed oops)
Heap:
 PSYoungGen      total 163328K, used 22643K [0x00000000eab00000, 0x00000000f5e00000, 0x0000000100000000)
  eden space 151040K, 14% used [0x00000000eab00000,0x00000000ec11cc68,0x00000000f3e80000)
  from space 12288K, 0% used [0x00000000f4b80000,0x00000000f4b80000,0x00000000f5780000)
  to   space 13312K, 0% used [0x00000000f3e80000,0x00000000f3e80000,0x00000000f4b80000)
 ParOldGen       total 88064K, used 18643K [0x00000000c0000000, 0x00000000c5600000, 0x00000000eab00000)
  object space 88064K, 21% used [0x00000000c0000000,0x00000000c1234c60,0x00000000c5600000)
 Metaspace       used 35196K, capacity 35802K, committed 36224K, reserved 1081344K
  class space    used 4782K, capacity 4920K, committed 4992K, reserved 1048576K
GC Heap History (10 events):
Event: 13.645 GC heap before
{Heap before GC invocations=6 (full 1):
 PSYoungGen      total 71680K, used 66560K [0x00000000eab00000, 0x00000000ef600000, 0x0000000100000000)
  eden space 66560K, 100% used [0x00000000eab00000,0x00000000eec00000,0x00000000eec00000)
  from space 5120K, 0% used [0x00000000ef100000,0x00000000ef100000,0x00000000ef600000)
  to   space 5120K, 0% used [0x00000000eec00000,0x00000000eec00000,0x00000000ef100000)
 ParOldGen       total 59392K, used 8622K [0x00000000c0000000, 0x00000000c3a00000, 0x00000000eab00000)
  object space 59392K, 14% used [0x00000000c0000000,0x00000000c086b960,0x00000000c3a00000)
 Metaspace       used 26191K, capacity 26586K, committed 26880K, reserved 1073152K
  class space    used 3667K, capacity 3761K, committed 3840K, reserved 1048576K
Event: 13.660 GC heap after
Heap after GC invocations=6 (full 1):
 PSYoungGen      total 71680K, used 5105K [0x00000000eab00000, 0x00000000f2600000, 0x0000000100000000)
  eden space 66560K, 0% used [0x00000000eab00000,0x00000000eab00000,0x00000000eec00000)
  from space 5120K, 99% used [0x00000000eec00000,0x00000000ef0fc470,0x00000000ef100000)
  to   space 10240K, 0% used [0x00000000f1c00000,0x00000000f1c00000,0x00000000f2600000)
 ParOldGen       total 59392K, used 11141K [0x00000000c0000000, 0x00000000c3a00000, 0x00000000eab00000)
  object space 59392K, 18% used [0x00000000c0000000,0x00000000c0ae1748,0x00000000c3a00000)
 Metaspace       used 26191K, capacity 26586K, committed 26880K, reserved 1073152K
  class space    used 3667K, capacity 3761K, committed 3840K, reserved 1048576K
}
Event: 15.794 GC heap before
{Heap before GC invocations=7 (full 1):
 PSYoungGen      total 71680K, used 71665K [0x00000000eab00000, 0x00000000f2600000, 0x0000000100000000)
  eden space 66560K, 100% used [0x00000000eab00000,0x00000000eec00000,0x00000000eec00000)
  from space 5120K, 99% used [0x00000000eec00000,0x00000000ef0fc470,0x00000000ef100000)
  to   space 10240K, 0% used [0x00000000f1c00000,0x00000000f1c00000,0x00000000f2600000)
 ParOldGen       total 59392K, used 11141K [0x00000000c0000000, 0x00000000c3a00000, 0x00000000eab00000)
  object space 59392K, 18% used [0x00000000c0000000,0x00000000c0ae1748,0x00000000c3a00000)
 Metaspace       used 28523K, capacity 29052K, committed 29184K, reserved 1075200K
  class space    used 3933K, capacity 4090K, committed 4096K, reserved 1048576K
Event: 15.808 GC heap after
Heap after GC invocations=7 (full 1):
 PSYoungGen      total 108544K, used 5913K [0x00000000eab00000, 0x00000000f2280000, 0x0000000100000000)
  eden space 101888K, 0% used [0x00000000eab00000,0x00000000eab00000,0x00000000f0e80000)
  from space 6656K, 88% used [0x00000000f1c00000,0x00000000f21c6418,0x00000000f2280000)
  to   space 10240K, 0% used [0x00000000f0e80000,0x00000000f0e80000,0x00000000f1880000)
 ParOldGen       total 59392K, used 11149K [0x00000000c0000000, 0x00000000c3a00000, 0x00000000eab00000)
  object space 59392K, 18% used [0x00000000c0000000,0x00000000c0ae3748,0x00000000c3a00000)
 Metaspace       used 28523K, capacity 29052K, committed 29184K, reserved 1075200K
  class space    used 3933K, capacity 4090K, committed 4096K, reserved 1048576K
}
Event: 20.386 GC heap before
{Heap before GC invocations=8 (full 1):
 PSYoungGen      total 108544K, used 107801K [0x00000000eab00000, 0x00000000f2280000, 0x0000000100000000)
  eden space 101888K, 100% used [0x00000000eab00000,0x00000000f0e80000,0x00000000f0e80000)
  from space 6656K, 88% used [0x00000000f1c00000,0x00000000f21c6418,0x00000000f2280000)
  to   space 10240K, 0% used [0x00000000f0e80000,0x00000000f0e80000,0x00000000f1880000)
 ParOldGen       total 59392K, used 11149K [0x00000000c0000000, 0x00000000c3a00000, 0x00000000eab00000)
  object space 59392K, 18% used [0x00000000c0000000,0x00000000c0ae3748,0x00000000c3a00000)
 Metaspace       used 32610K, capacity 33228K, committed 33664K, reserved 1079296K
  class space    used 4442K, capacity 4623K, committed 4736K, reserved 1048576K
Event: 20.432 GC heap after
Heap after GC invocations=8 (full 1):
 PSYoungGen      total 112128K, used 10234K [0x00000000eab00000, 0x00000000f5780000, 0x0000000100000000)
  eden space 101888K, 0% used [0x00000000eab00000,0x00000000eab00000,0x00000000f0e80000)
  from space 10240K, 99% used [0x00000000f0e80000,0x00000000f187e970,0x00000000f1880000)
  to   space 12288K, 0% used [0x00000000f4b80000,0x00000000f4b80000,0x00000000f5780000)
 ParOldGen       total 59392K, used 12890K [0x00000000c0000000, 0x00000000c3a00000, 0x00000000eab00000)
  object space 59392K, 21% used [0x00000000c0000000,0x00000000c0c96b80,0x00000000c3a00000)
 Metaspace       used 32610K, capacity 33228K, committed 33664K, reserved 1079296K
  class space    used 4442K, capacity 4623K, committed 4736K, reserved 1048576K
}
Event: 21.025 GC heap before
{Heap before GC invocations=9 (full 1):
 PSYoungGen      total 112128K, used 29464K [0x00000000eab00000, 0x00000000f5780000, 0x0000000100000000)
  eden space 101888K, 18% used [0x00000000eab00000,0x00000000ebdc7a08,0x00000000f0e80000)
  from space 10240K, 99% used [0x00000000f0e80000,0x00000000f187e970,0x00000000f1880000)
  to   space 12288K, 0% used [0x00000000f4b80000,0x00000000f4b80000,0x00000000f5780000)
 ParOldGen       total 59392K, used 12890K [0x00000000c0000000, 0x00000000c3a00000, 0x00000000eab00000)
  object space 59392K, 21% used [0x00000000c0000000,0x00000000c0c96b80,0x00000000c3a00000)
 Metaspace       used 34645K, capacity 35172K, committed 35456K, reserved 1079296K
  class space    used 4706K, capacity 4883K, committed 4992K, reserved 1048576K
Event: 21.047 GC heap after
Heap after GC invocations=9 (full 1):
 PSYoungGen      total 163328K, used 11725K [0x00000000eab00000, 0x00000000f5e00000, 0x0000000100000000)
  eden space 151040K, 0% used [0x00000000eab00000,0x00000000eab00000,0x00000000f3e80000)
  from space 12288K, 95% used [0x00000000f4b80000,0x00000000f56f3420,0x00000000f5780000)
  to   space 13312K, 0% used [0x00000000f3e80000,0x00000000f3e80000,0x00000000f4b80000)
 ParOldGen       total 59392K, used 12898K [0x00000000c0000000, 0x00000000c3a00000, 0x00000000eab00000)
  object space 59392K, 21% used [0x00000000c0000000,0x00000000c0c98b80,0x00000000c3a00000)
 Metaspace       used 34645K, capacity 35172K, committed 35456K, reserved 1079296K
  class space    used 4706K, capacity 4883K, committed 4992K, reserved 1048576K
}
Event: 21.047 GC heap before
{Heap before GC invocations=10 (full 2):
 PSYoungGen      total 163328K, used 11725K [0x00000000eab00000, 0x00000000f5e00000, 0x0000000100000000)
  eden space 151040K, 0% used [0x00000000eab00000,0x00000000eab00000,0x00000000f3e80000)
  from space 12288K, 95% used [0x00000000f4b80000,0x00000000f56f3420,0x00000000f5780000)
  to   space 13312K, 0% used [0x00000000f3e80000,0x00000000f3e80000,0x00000000f4b80000)
 ParOldGen       total 59392K, used 12898K [0x00000000c0000000, 0x00000000c3a00000, 0x00000000eab00000)
  object space 59392K, 21% used [0x00000000c0000000,0x00000000c0c98b80,0x00000000c3a00000)
 Metaspace       used 34645K, capacity 35172K, committed 35456K, reserved 1079296K
  class space    used 4706K, capacity 4883K, committed 4992K, reserved 1048576K
Event: 21.225 GC heap after
Heap after GC invocations=10 (full 2):
 PSYoungGen      total 163328K, used 0K [0x00000000eab00000, 0x00000000f5e00000, 0x0000000100000000)
  eden space 151040K, 0% used [0x00000000eab00000,0x00000000eab00000,0x00000000f3e80000)
  from space 12288K, 0% used [0x00000000f4b80000,0x00000000f4b80000,0x00000000f5780000)
  to   space 13312K, 0% used [0x00000000f3e80000,0x00000000f3e80000,0x00000000f4b80000)
 ParOldGen       total 88064K, used 18643K [0x00000000c0000000, 0x00000000c5600000, 0x00000000eab00000)
  object space 88064K, 21% used [0x00000000c0000000,0x00000000c1234c60,0x00000000c5600000)
 Metaspace       used 34645K, capacity 35172K, committed 35456K, reserved 1079296K
  class space    used 4706K, capacity 4883K, committed 4992K, reserved 1048576K
}

